<?xml version="1.0" encoding="UTF-8"?>
<testng-results skipped="0" failed="0" ignored="0" total="3" passed="3">
  <reporter-output>
  </reporter-output>
  <suite name="Default suite" duration-ms="52" started-at="2020-12-11T01:18:59Z" finished-at="2020-12-11T01:18:59Z">
    <groups>
    </groups>
    <test name="Default test" duration-ms="52" started-at="2020-12-11T01:18:59Z" finished-at="2020-12-11T01:18:59Z">
      <class name="upstest.UpsTest">
        <test-method status="PASS" signature="chromeDriverMethod()[pri:0, instance:upstest.UpsTest@47542153]" name="chromeDriverMethod" is-config="true" duration-ms="6" started-at="2020-12-11T01:18:59Z" finished-at="2020-12-11T01:18:59Z">
          <reporter-output>
          </reporter-output>
        </test-method> <!-- chromeDriverMethod -->
        <test-method status="PASS" signature="TrackingTest()[pri:0, instance:upstest.UpsTest@47542153]" name="TrackingTest" duration-ms="5" started-at="2020-12-11T01:18:59Z" finished-at="2020-12-11T01:18:59Z">
          <reporter-output>
          </reporter-output>
        </test-method> <!-- TrackingTest -->
        <test-method status="PASS" signature="chromeDriverMethod()[pri:0, instance:upstest.UpsTest@47542153]" name="chromeDriverMethod" is-config="true" duration-ms="0" started-at="2020-12-11T01:18:59Z" finished-at="2020-12-11T01:18:59Z">
          <reporter-output>
          </reporter-output>
        </test-method> <!-- chromeDriverMethod -->
        <test-method status="PASS" signature="loginTest()[pri:0, instance:upstest.UpsTest@47542153]" name="loginTest" duration-ms="2" started-at="2020-12-11T01:18:59Z" finished-at="2020-12-11T01:18:59Z">
          <reporter-output>
          </reporter-output>
        </test-method> <!-- loginTest -->
        <test-method status="PASS" signature="noTest()[pri:0, instance:upstest.UpsTest@47542153]" name="noTest" duration-ms="2" started-at="2020-12-11T01:18:59Z" finished-at="2020-12-11T01:18:59Z">
          <reporter-output>
          </reporter-output>
        </test-method> <!-- noTest -->
        <test-method status="PASS" signature="chromeDriverMethod()[pri:0, instance:upstest.UpsTest@47542153]" name="chromeDriverMethod" is-config="true" duration-ms="0" started-at="2020-12-11T01:18:59Z" finished-at="2020-12-11T01:18:59Z">
          <reporter-output>
          </reporter-output>
        </test-method> <!-- chromeDriverMethod -->
      </class> <!-- upstest.UpsTest -->
    </test> <!-- Default test -->
  </suite> <!-- Default suite -->
</testng-results>
