<?xml version="1.0" encoding="UTF-8"?>
<!-- Generated by org.testng.reporters.JUnitXMLReporter -->
<testsuite hostname="LAPTOP-EPV2B2SF" ignored="0" name="Default test" tests="3" failures="0" timestamp="11 Dec 2020 01:18:59 GMT" time="0.052" errors="0">
  <testcase name="TrackingTest" time="0.005" classname="upstest.UpsTest"/>
  <testcase name="loginTest" time="0.002" classname="upstest.UpsTest"/>
  <testcase name="noTest" time="0.002" classname="upstest.UpsTest"/>
</testsuite> <!-- Default test -->
